Arguments: 
  C:\Program Files\nodejs\node.exe C:\Users\CHRISTOPHER ZULU\AppData\Roaming\npm\node_modules\yarn\bin\yarn.js add express-ussd-router

PATH: 
  C:\Python311\Scripts\;C:\Python311\;C:\Windows\system32;C:\Windows;C:\Windows\System32\Wbem;C:\Windows\System32\WindowsPowerShell\v1.0\;C:\Windows\System32\OpenSSH\;C:\ProgramData\chocolatey\bin;C:\Program Files\Git\cmd;C:\Program Files\nodejs\;C:\Users\CHRISTOPHER ZULU\AppData\Local\Microsoft\WindowsApps;C:\Users\CHRISTOPHER ZULU\AppData\Local\Programs\Microsoft VS Code\bin;C:\Users\CHRISTOPHER ZULU\AppData\Local\ComposerSetup\bin;C:\Users\CHRISTOPHER ZULU\AppData\Roaming\Composer\vendor\bin;C:\xampp2\php;C:\xampp\php;C:\Users\CHRISTOPHER ZULU\AppData\Roaming\npm

Yarn version: 
  1.22.19

Node version: 
  18.15.0

Platform: 
  win32 x64

Trace: 
  Error: https://registry.yarnpkg.com/express-ussd-router: Not found
      at params.callback [as _callback] (C:\Users\CHRISTOPHER ZULU\AppData\Roaming\npm\node_modules\yarn\lib\cli.js:66145:18)
      at self.callback (C:\Users\CHRISTOPHER ZULU\AppData\Roaming\npm\node_modules\yarn\lib\cli.js:140890:22)
      at Request.emit (node:events:513:28)
      at Request.<anonymous> (C:\Users\CHRISTOPHER ZULU\AppData\Roaming\npm\node_modules\yarn\lib\cli.js:141862:10)
      at Request.emit (node:events:513:28)
      at IncomingMessage.<anonymous> (C:\Users\CHRISTOPHER ZULU\AppData\Roaming\npm\node_modules\yarn\lib\cli.js:141784:12)
      at Object.onceWrapper (node:events:627:28)
      at IncomingMessage.emit (node:events:525:35)
      at endReadableNT (node:internal/streams/readable:1359:12)
      at process.processTicksAndRejections (node:internal/process/task_queues:82:21)

npm manifest: 
  {
    "name": "Pollen",
    "version": "1.0.0",
    "description": "Blockchain banking app",
    "main": "index.js",
    "repository": "https://github.com/christopherzulu0/Pollen-USSD",
    "author": "CHRISTOPHER ZULU",
    "license": "MIT",
    "scripts": {
      "start": "nodemon app.js"
    },
    "dependencies": {
      "africastalking": "^0.6.2",
      "axios": "^1.3.2",
      "bcrypt": "^5.1.0",
      "body-parser": "^1.20.1",
      "cors": "^2.8.5",
      "crypto-random-string": "^5.0.0",
      "dotenv": "^16.0.3",
      "express": "^4.18.2",
      "express-session": "^1.17.3",
      "mongoose": "^6.9.0",
      "node-cron": "^3.0.2",
      "nodemon": "^2.0.20",
      "qs": "^6.11.0",
      "randomstring": "^1.2.3",
      "shortid": "^2.2.16"
    }
  }

yarn manifest: 
  No manifest

Lockfile: 
  No lockfile
